<?xml version="1.0" encoding="UTF-8"?>
<!-- Generated by org.testng.reporters.JUnitReportReporter -->
<testsuite hostname="DESKTOP-V5QA7M8" failures="0" tests="1" name="advance_selenium.Working_with_dataprovider" time="0.013" errors="0" timestamp="2022-07-18T11:29:54 IST" skipped="0">
  <testcase classname="advance_selenium.Working_with_dataprovider" name="DataProviderDemo" time="0.013"/>
  <system-out/>
</testsuite> <!-- advance_selenium.Working_with_dataprovider -->
