<?xml version="1.0" encoding="UTF-8"?>
<!-- Generated by org.testng.reporters.JUnitReportReporter -->
<testsuite hostname="DESKTOP-V5QA7M8" failures="0" tests="2" name="advance_selenium.Working_with_TC006_annotations_chrono" time="0.034" errors="0" timestamp="2022-07-14T15:35:17 IST" skipped="0">
  <testcase classname="advance_selenium.Working_with_TC006_annotations_chrono" name="Demo1" time="0.008"/>
  <system-out/>
  <testcase classname="advance_selenium.Working_with_TC006_annotations_chrono" name="Demo" time="0.026"/>
  <system-out/>
</testsuite> <!-- advance_selenium.Working_with_TC006_annotations_chrono -->
