<?xml version="1.0" encoding="UTF-8"?>
<!-- Generated by org.testng.reporters.JUnitReportReporter -->
<testsuite hostname="DESKTOP-V5QA7M8" failures="0" tests="3" name="advance_selenium.Working_with_TC003_exclude_dews" time="0.025" errors="0" timestamp="2022-07-13T15:10:57 IST" skipped="0">
  <testcase classname="advance_selenium.Working_with_TC003_exclude_dews" name="animal" time="0.018"/>
  <system-out/>
  <testcase classname="advance_selenium.Working_with_TC003_exclude_dews" name="books" time="0.004"/>
  <system-out/>
  <testcase classname="advance_selenium.Working_with_TC003_exclude_dews" name="food" time="0.003"/>
  <system-out/>
</testsuite> <!-- advance_selenium.Working_with_TC003_exclude_dews -->
