<?xml version="1.0" encoding="UTF-8"?>
<!-- Generated by org.testng.reporters.JUnitReportReporter -->
<testsuite hostname="DESKTOP-V5QA7M8" failures="0" tests="1" name="advance_selenium.Working_with_vote_demowebshop" time="11.046" errors="0" timestamp="2022-07-13T10:35:17 IST" skipped="0">
  <testcase classname="advance_selenium.Working_with_vote_demowebshop" name="Demo" time="11.046"/>
  <system-out/>
</testsuite> <!-- advance_selenium.Working_with_vote_demowebshop -->
