<?xml version="1.0" encoding="UTF-8"?>
<!-- Generated by org.testng.reporters.JUnitReportReporter -->
<testsuite hostname="DESKTOP-V5QA7M8" failures="0" tests="1" name="advance_selenium.Working_with_Properties_files_TC007" time="0.019" errors="0" timestamp="2022-07-15T11:33:26 IST" skipped="0">
  <testcase classname="advance_selenium.Working_with_Properties_files_TC007" name="ReadData" time="0.019"/>
  <system-out/>
</testsuite> <!-- advance_selenium.Working_with_Properties_files_TC007 -->
