<?xml version="1.0" encoding="UTF-8"?>
<!-- Generated by org.testng.reporters.JUnitReportReporter -->
<testsuite hostname="DESKTOP-V5QA7M8" failures="0" tests="2" name="advance_selenium.Working_with_TC005_groups_helperattribute" time="0.024" errors="0" timestamp="2022-07-13T16:04:01 IST" skipped="0">
  <testcase classname="advance_selenium.Working_with_TC005_groups_helperattribute" name="DemoWebShop_Search" time="0.016"/>
  <system-out/>
  <testcase classname="advance_selenium.Working_with_TC005_groups_helperattribute" name="DemoWebShop_login" time="0.008"/>
  <system-out/>
</testsuite> <!-- advance_selenium.Working_with_TC005_groups_helperattribute -->
