<?xml version="1.0" encoding="UTF-8"?>
<!-- Generated by org.testng.reporters.JUnitReportReporter -->
<testsuite hostname="DESKTOP-V5QA7M8" failures="0" tests="2" name="advance_selenium.Working_with_include_methods" time="0.019" errors="0" timestamp="2022-07-13T13:20:05 IST" skipped="0">
  <testcase classname="advance_selenium.Working_with_include_methods" name="choclateshop" time="0.016"/>
  <system-out/>
  <testcase classname="advance_selenium.Working_with_include_methods" name="medicalshop" time="0.003"/>
  <system-out/>
</testsuite> <!-- advance_selenium.Working_with_include_methods -->
