<?xml version="1.0" encoding="UTF-8"?>
<!-- Generated by org.testng.reporters.JUnitReportReporter -->
<testsuite hostname="DESKTOP-V5QA7M8" failures="0" tests="1" name="Test_case2.Registration_form" time="4.108" errors="0" timestamp="2022-07-15T15:40:03 IST" skipped="0">
  <testcase classname="Test_case2.Registration_form" name="Demo" time="4.108"/>
  <system-out/>
</testsuite> <!-- Test_case2.Registration_form -->
