<?xml version="1.0" encoding="UTF-8"?>
<!-- Generated by org.testng.reporters.JUnitReportReporter -->
<testsuite hostname="DESKTOP-V5QA7M8" failures="0" tests="3" name="advance_selenium.Working_with_TC004_helperattrbte_dependsonmethods" time="0.030" errors="0" timestamp="2022-07-13T15:36:42 IST" skipped="0">
  <testcase classname="advance_selenium.Working_with_TC004_helperattrbte_dependsonmethods" name="DemoWebShop_login" time="0.006"/>
  <system-out/>
  <testcase classname="advance_selenium.Working_with_TC004_helperattrbte_dependsonmethods" name="DemoWebShop_Search" time="0.006"/>
  <system-out/>
  <testcase classname="advance_selenium.Working_with_TC004_helperattrbte_dependsonmethods" name="DemoWebShop_register" time="0.018"/>
  <system-out/>
</testsuite> <!-- advance_selenium.Working_with_TC004_helperattrbte_dependsonmethods -->
