<?xml version="1.0" encoding="UTF-8"?>
<!-- Generated by org.testng.reporters.JUnitReportReporter -->
<testsuite hostname="DESKTOP-V5QA7M8" failures="0" tests="1" name="advance_selenium.Working_with_TC002_DEWS1" time="23.065" errors="0" timestamp="2022-07-13T12:49:38 IST" skipped="0">
  <testcase classname="advance_selenium.Working_with_TC002_DEWS1" name="Demo" time="23.065"/>
  <system-out/>
</testsuite> <!-- advance_selenium.Working_with_TC002_DEWS1 -->
