<?xml version="1.0" encoding="UTF-8"?>
<!-- Generated by org.testng.reporters.JUnitReportReporter -->
<testsuite hostname="DESKTOP-V5QA7M8" failures="0" tests="1" name="Test_case_practise.Tc_001_demowebshop" time="16.425" errors="0" timestamp="2022-08-05T15:48:05 IST" skipped="0">
  <testcase classname="Test_case_practise.Tc_001_demowebshop" name="Practice" time="16.425"/>
  <system-out/>
</testsuite> <!-- Test_case_practise.Tc_001_demowebshop -->
