<?xml version="1.0" encoding="UTF-8"?>
<!-- Generated by org.testng.reporters.JUnitReportReporter -->
<testsuite hostname="DESKTOP-V5QA7M8" failures="0" tests="1" name="advance_selenium.Working_with_TC001_DEWS" time="19.832" errors="0" timestamp="2022-07-13T12:49:38 IST" skipped="0">
  <testcase classname="advance_selenium.Working_with_TC001_DEWS" name="Demo" time="19.832"/>
  <system-out/>
</testsuite> <!-- advance_selenium.Working_with_TC001_DEWS -->
