<?xml version="1.0" encoding="UTF-8"?>
<!-- Generated by org.testng.reporters.JUnitReportReporter -->
<testsuite hostname="DESKTOP-V5QA7M8" failures="0" tests="1" name="advance_selenium.Working_with_subscribe_demowebshop" time="28.050" errors="0" timestamp="2022-07-13T10:35:16 IST" skipped="0">
  <testcase classname="advance_selenium.Working_with_subscribe_demowebshop" name="Demo" time="28.050"/>
  <system-out/>
</testsuite> <!-- advance_selenium.Working_with_subscribe_demowebshop -->
