<?xml version="1.0" encoding="UTF-8"?>
<!-- Generated by org.testng.reporters.JUnitReportReporter -->
<testsuite hostname="DESKTOP-V5QA7M8" failures="0" tests="1" name="Test_case2.Search_textfield" time="1.567" errors="0" timestamp="2022-07-15T16:29:12 IST" skipped="0">
  <testcase classname="Test_case2.Search_textfield" name="Demo" time="1.567"/>
  <system-out/>
</testsuite> <!-- Test_case2.Search_textfield -->
