<?xml version="1.0" encoding="UTF-8"?>
<!-- Generated by org.testng.reporters.JUnitReportReporter -->
<testsuite hostname="DESKTOP-V5QA7M8" failures="0" tests="1" name="test_case.Demowebshop_search_textfield" time="86.657" errors="0" timestamp="2022-07-12T15:09:57 IST" skipped="0">
  <testcase classname="test_case.Demowebshop_search_textfield" name="Demo" time="86.657"/>
  <system-out/>
</testsuite> <!-- test_case.Demowebshop_search_textfield -->
