<?xml version="1.0" encoding="UTF-8"?>
<!-- Generated by org.testng.reporters.JUnitReportReporter -->
<testsuite hostname="DESKTOP-V5QA7M8" failures="0" tests="1" name="Pom_repository.Click_on_loginpage" time="34.121" errors="0" timestamp="2022-07-23T10:56:47 IST" skipped="0">
  <testcase classname="Pom_repository.Click_on_loginpage" name="Click_on_loginpage" time="34.121"/>
  <system-out/>
</testsuite> <!-- Pom_repository.Click_on_loginpage -->
